<?xml version="1.0" encoding="UTF-8"?>
<!-- Generated by org.testng.reporters.JUnitXMLReporter -->
<testsuite hostname="localhost" tests="1" failures="1" timestamp="20 Apr 2021 15:14:28 GMT" time="4.191" errors="0">
    <testcase name="testApiReferenceDemo" time="2.386" classname="io.lematech.httprunner4j_.testcases.demo.DemoTest">
        <failure type="java.lang.NoClassDefFoundError"
                 message="io/lematech/httprunner4j/HttpRunner4j (wrong name: io/lematech/httprunner4j/HttpRunner4J)">
            <![CDATA[java.lang.NoClassDefFoundError: io/lematech/httprunner4j/HttpRunner4j (wrong name: io/lematech/httprunner4j/HttpRunner4J)
	at java.lang.ClassLoader.defineClass1(Native Method)
	at java.lang.ClassLoader.defineClass(ClassLoader.java:763)
	at java.security.SecureClassLoader.defineClass(SecureClassLoader.java:142)
	at java.net.URLClassLoader.defineClass(URLClassLoader.java:467)
	at java.net.URLClassLoader.access$100(URLClassLoader.java:73)
	at java.net.URLClassLoader$1.run(URLClassLoader.java:368)
	at java.net.URLClassLoader$1.run(URLClassLoader.java:362)
	at java.security.AccessController.doPrivileged(Native Method)
	at java.net.URLClassLoader.findClass(URLClassLoader.java:361)
	at java.lang.ClassLoader.loadClass(ClassLoader.java:424)
	at sun.misc.Launcher$AppClassLoader.loadClass(Launcher.java:349)
	at java.lang.ClassLoader.loadClass(ClassLoader.java:357)
	at io.lematech.httprunner4j.HttpRunner4j$DefinedHookFunction.call(HttpRunner4j.java:47)
	at Script_1618931668660_56/900593187.execute0(Script_1618931668660_56:1)
	at com.googlecode.aviator.ClassExpression.executeDirectly(ClassExpression.java:67)
	at com.googlecode.aviator.BaseExpression.execute(BaseExpression.java:211)
	at io.lematech.httprunner4j.widget.exp.BuiltInAviatorEvaluator.execute(BuiltInAviatorEvaluator.java:42)
	at io.lematech.httprunner4j.widget.exp.ExpHandler.executeStringExpression(ExpHandler.java:99)
	at io.lematech.httprunner4j.widget.exp.ExpHandler.handleHookExp(ExpHandler.java:137)
	at io.lematech.httprunner4j.core.runner.TestCaseRunner.hook(TestCaseRunner.java:137)
	at io.lematech.httprunner4j.core.runner.TestCaseRunner.setupHook(TestCaseRunner.java:102)
	at io.lematech.httprunner4j.core.runner.TestCaseRunner.execute(TestCaseRunner.java:87)
	at io.lematech.httprunner4j_.testcases.demo.DemoTest.testApiReferenceDemo(DemoTest.java:11)
	at io.lematech.httprunner4j.core.engine.TestNGEngine.runNG(TestNGEngine.java:69)
	at io.lematech.httprunner4j.core.engine.TestNGEngine.run(TestNGEngine.java:66)
	at io.lematech.httprunner4j.cli.commands.Run.execute(Run.java:43)
	at io.lematech.httprunner4j.HttpRunner4J.execute(HttpRunner4J.java:80)
	at io.lematech.httprunner4j.HttpRunner4J.main(HttpRunner4J.java:93)
... Removed 21 stack frames]]>
        </failure>
    </testcase> <!-- testApiReferenceDemo -->
</testsuite>
