<?xml version="1.0" encoding="UTF-8"?>
<!-- Generated by org.testng.reporters.JUnitXMLReporter -->
<testsuite hostname="localhost" tests="13" failures="0" timestamp="21 Apr 2021 13:35:53 GMT" time="3.183" errors="0">
    <testcase name="testApiReferenceDemo" time="0.764"
              classname="io.lematech.httprunner4j.Users.arkhe.Documents.lema.others.httprunner4j.hrun4j_core.src.test.resources.testcases.demo.DemoTest"/>
    <testcase name="testAviatorExpDemo" time="0.03"
              classname="io.lematech.httprunner4j.Users.arkhe.Documents.lema.others.httprunner4j.hrun4j_core.src.test.resources.testcases.demo.DemoTest"/>
    <testcase name="testComplexSingleDemo" time="0.061"
              classname="io.lematech.httprunner4j.Users.arkhe.Documents.lema.others.httprunner4j.hrun4j_core.src.test.resources.testcases.demo.DemoTest"/>
    <testcase name="testCurrentStepRequestAndResponseDataDemo" time="0.062"
              classname="io.lematech.httprunner4j.Users.arkhe.Documents.lema.others.httprunner4j.hrun4j_core.src.test.resources.testcases.demo.DemoTest"/>
    <testcase name="testDefineRequestConfigDemo" time="0.123"
              classname="io.lematech.httprunner4j.Users.arkhe.Documents.lema.others.httprunner4j.hrun4j_core.src.test.resources.testcases.demo.DemoTest"/>
    <testcase name="testMoreComplexSingleDemo" time="0.03"
              classname="io.lematech.httprunner4j.Users.arkhe.Documents.lema.others.httprunner4j.hrun4j_core.src.test.resources.testcases.demo.DemoTest"/>
    <testcase name="testMultipleGetDataDemo" time="0.072"
              classname="io.lematech.httprunner4j.Users.arkhe.Documents.lema.others.httprunner4j.hrun4j_core.src.test.resources.testcases.demo.DemoTest"/>
    <testcase name="testReferenceEnvDemo" time="0.068"
              classname="io.lematech.httprunner4j.Users.arkhe.Documents.lema.others.httprunner4j.hrun4j_core.src.test.resources.testcases.demo.DemoTest"/>
    <testcase name="testSimpleSingleDemo" time="0.016"
              classname="io.lematech.httprunner4j.Users.arkhe.Documents.lema.others.httprunner4j.hrun4j_core.src.test.resources.testcases.demo.DemoTest"/>
    <testcase name="testTestCaseReferenceDemo" time="0.093"
              classname="io.lematech.httprunner4j.Users.arkhe.Documents.lema.others.httprunner4j.hrun4j_core.src.test.resources.testcases.demo.DemoTest"/>
    <testcase name="testVariablePriorityDemo" time="0.03"
              classname="io.lematech.httprunner4j.Users.arkhe.Documents.lema.others.httprunner4j.hrun4j_core.src.test.resources.testcases.demo.DemoTest"/>
    <testcase name="testVariablePriorityDemo" time="0.056"
              classname="io.lematech.httprunner4j.Users.arkhe.Documents.lema.others.httprunner4j.hrun4j_core.src.test.resources.testcases.demo.DemoTest"/>
    <testcase name="测试接口定义应用中文" time="0.1"
              classname="io.lematech.httprunner4j.Users.arkhe.Documents.lema.others.httprunner4j.hrun4j_core.src.test.resources.testcases.demo.DemoTest"/>
</testsuite>
