<?xml version="1.0" encoding="UTF-8"?>
<testsuite name="httprunner4j"
           tests="8"
           failures="0"
           errors="0"
           skipped="0"
           time="0.690">
    <properties/>


    <testcase name="testApiReferenceDemo" time="0.114" classname="io.lematech.httprunner4j.demo.DemoJsonTest"/>
    <testcase name="testMoreComplexSingleDemo" time="0.056" classname="io.lematech.httprunner4j.demo.DemoJsonTest"/>
    <testcase name="testTestCaseReferenceDemo" time="0.200" classname="io.lematech.httprunner4j.demo.DemoJsonTest"/>
    <testcase name="testVariablePriorityDemo" time="0.051" classname="io.lematech.httprunner4j.demo.DemoJsonTest"/>
    <testcase name="testComplexSingleDemo" time="0.075" classname="io.lematech.httprunner4j.demo.DemoJsonTest"/>
    <testcase name="testDefineRequestConfigDemo" time="0.109" classname="io.lematech.httprunner4j.demo.DemoJsonTest"/>
    <testcase name="testSimpleSingleDemo" time="0.019" classname="io.lematech.httprunner4j.demo.DemoJsonTest"/>
    <testcase name="testVariablePriorityDemo" time="0.066" classname="io.lematech.httprunner4j.demo.DemoJsonTest"/>

</testsuite>
